<?xml version="1.0" encoding="UTF-8"?>
<testng-results ignored="0" total="3" passed="3" failed="0" skipped="0">
  <reporter-output>
  </reporter-output>
  <suite started-at="2020-04-07T15:51:06 IST" name="Suite" finished-at="2020-04-07T15:51:06 IST" duration-ms="75">
    <groups>
    </groups>
    <test started-at="2020-04-07T15:51:06 IST" name="Test" finished-at="2020-04-07T15:51:06 IST" duration-ms="75">
      <class name="parent1.AppTest">
        <test-method signature="hellog()[pri:0, instance:parent1.AppTest@587e5365]" started-at="2020-04-07T15:51:06 IST" name="hellog" finished-at="2020-04-07T15:51:06 IST" duration-ms="2" status="PASS">
          <reporter-output>
          </reporter-output>
        </test-method> <!-- hellog -->
      </class> <!-- parent1.AppTest -->
      <class name="parent1.hai1">
        <test-method signature="gethai()[pri:0, instance:parent1.hai1@4009e306]" started-at="2020-04-07T15:51:06 IST" name="gethai" finished-at="2020-04-07T15:51:06 IST" duration-ms="11" status="PASS">
          <reporter-output>
          </reporter-output>
        </test-method> <!-- gethai -->
      </class> <!-- parent1.hai1 -->
      <class name="parent1.hai2">
        <test-method signature="heltij()[pri:0, instance:parent1.hai2@43c1b556]" started-at="2020-04-07T15:51:06 IST" name="heltij" finished-at="2020-04-07T15:51:06 IST" duration-ms="1" status="PASS">
          <reporter-output>
          </reporter-output>
        </test-method> <!-- heltij -->
      </class> <!-- parent1.hai2 -->
    </test> <!-- Test -->
  </suite> <!-- Suite -->
</testng-results>
