<?xml version="1.0" encoding="UTF-8"?>
<testng-results ignored="0" total="1" passed="1" failed="0" skipped="0">
  <reporter-output>
  </reporter-output>
  <suite started-at="2020-04-07T13:08:35 IST" name="Default suite" finished-at="2020-04-07T13:08:35 IST" duration-ms="81">
    <groups>
    </groups>
    <test started-at="2020-04-07T13:08:35 IST" name="Default test" finished-at="2020-04-07T13:08:35 IST" duration-ms="81">
      <class name="parent1.AppTest">
        <test-method signature="hellog()[pri:0, instance:parent1.AppTest@1a0dcaa]" started-at="2020-04-07T13:08:35 IST" name="hellog" finished-at="2020-04-07T13:08:35 IST" duration-ms="13" status="PASS">
          <reporter-output>
          </reporter-output>
        </test-method> <!-- hellog -->
      </class> <!-- parent1.AppTest -->
    </test> <!-- Default test -->
  </suite> <!-- Default suite -->
</testng-results>
